<?xml version="1.0" encoding="UTF-8"?>
<testsuite xmlns:xsi="http://www.w3.org/2001/XMLSchema-instance" xsi:noNamespaceSchemaLocation="https://maven.apache.org/surefire/maven-surefire-plugin/xsd/surefire-test-report-3.0.xsd" version="3.0" name="com.script.StackMachineTest" time="0.019" tests="7" errors="0" skipped="0" failures="0">
  <properties>
[...]
</properties>
  <testcase name="testMultiplePushPopOrder" classname="com.script.StackMachineTest" time="0.003"/>
  <testcase name="testPeek" classname="com.script.StackMachineTest" time="0.001"/>
  <testcase name="testSize" classname="com.script.StackMachineTest" time="0.0"/>
  <testcase name="testPushAndPop" classname="com.script.StackMachineTest" time="0.001"/>
  <testcase name="testPeekEmptyStack" classname="com.script.StackMachineTest" time="0.001"/>
  <testcase name="testIsEmpty" classname="com.script.StackMachineTest" time="0.0"/>
  <testcase name="testPopEmptyStack" classname="com.script.StackMachineTest" time="0.002"/>
</testsuite>